{"C:\\Work\\Projects\\Nix3\\Nix\\tests\\unit-tests\\cyclecount.controller.tests.js":{"path":"C:\\Work\\Projects\\Nix3\\Nix\\tests\\unit-tests\\cyclecount.controller.tests.js","s":{"1":1,"2":0,"3":0,"4":0,"5":0,"6":0,"7":0,"8":0,"9":0,"10":0,"11":0,"12":0,"13":0,"14":0,"15":0,"16":0,"17":0,"18":0,"19":0,"20":0,"21":0,"22":0,"23":0,"24":0,"25":0,"26":0,"27":0,"28":0,"29":0,"30":0,"31":0,"32":0,"33":0,"34":0,"35":0,"36":0,"37":0,"38":0,"39":0,"40":0,"41":0,"42":0,"43":0,"44":0,"45":0,"46":0,"47":0,"48":0,"49":0,"50":0},"b":{},"f":{"1":0,"2":0,"3":0,"4":0,"5":0,"6":0,"7":0,"8":0,"9":0,"10":0,"11":0,"12":0,"13":0},"fnMap":{"1":{"name":"(anonymous_1)","line":1,"loc":{"start":{"line":1,"column":40},"end":{"line":1,"column":50}}},"2":{"name":"(anonymous_2)","line":15,"loc":{"start":{"line":15,"column":22},"end":{"line":15,"column":60}}},"3":{"name":"(anonymous_3)","line":26,"loc":{"start":{"line":26,"column":38},"end":{"line":26,"column":50}}},"4":{"name":"(anonymous_4)","line":28,"loc":{"start":{"line":28,"column":30},"end":{"line":28,"column":50}}},"5":{"name":"(anonymous_5)","line":34,"loc":{"start":{"line":34,"column":38},"end":{"line":34,"column":57}}},"6":{"name":"(anonymous_6)","line":36,"loc":{"start":{"line":36,"column":30},"end":{"line":36,"column":50}}},"7":{"name":"(anonymous_7)","line":57,"loc":{"start":{"line":57,"column":50},"end":{"line":57,"column":60}}},"8":{"name":"(anonymous_8)","line":65,"loc":{"start":{"line":65,"column":32},"end":{"line":65,"column":42}}},"9":{"name":"(anonymous_9)","line":70,"loc":{"start":{"line":70,"column":41},"end":{"line":70,"column":51}}},"10":{"name":"(anonymous_10)","line":75,"loc":{"start":{"line":75,"column":33},"end":{"line":75,"column":43}}},"11":{"name":"(anonymous_11)","line":83,"loc":{"start":{"line":83,"column":58},"end":{"line":83,"column":68}}},"12":{"name":"(anonymous_12)","line":92,"loc":{"start":{"line":92,"column":55},"end":{"line":92,"column":65}}},"13":{"name":"(anonymous_13)","line":100,"loc":{"start":{"line":100,"column":61},"end":{"line":100,"column":71}}}},"statementMap":{"1":{"start":{"line":1,"column":0},"end":{"line":107,"column":3}},"2":{"start":{"line":3,"column":3},"end":{"line":10,"column":19}},"3":{"start":{"line":13,"column":4},"end":{"line":13,"column":42}},"4":{"start":{"line":15,"column":4},"end":{"line":55,"column":8}},"5":{"start":{"line":16,"column":8},"end":{"line":16,"column":38}},"6":{"start":{"line":19,"column":3},"end":{"line":19,"column":151}},"7":{"start":{"line":21,"column":3},"end":{"line":23,"column":80}},"8":{"start":{"line":24,"column":4},"end":{"line":42,"column":10}},"9":{"start":{"line":27,"column":20},"end":{"line":31,"column":21}},"10":{"start":{"line":29,"column":28},"end":{"line":29,"column":56}},"11":{"start":{"line":35,"column":20},"end":{"line":39,"column":21}},"12":{"start":{"line":37,"column":28},"end":{"line":37,"column":54}},"13":{"start":{"line":44,"column":4},"end":{"line":44,"column":72}},"14":{"start":{"line":45,"column":4},"end":{"line":45,"column":79}},"15":{"start":{"line":46,"column":4},"end":{"line":46,"column":78}},"16":{"start":{"line":48,"column":4},"end":{"line":54,"column":28}},"17":{"start":{"line":57,"column":4},"end":{"line":63,"column":7}},"18":{"start":{"line":59,"column":8},"end":{"line":59,"column":61}},"19":{"start":{"line":60,"column":8},"end":{"line":60,"column":49}},"20":{"start":{"line":61,"column":8},"end":{"line":61,"column":69}},"21":{"start":{"line":62,"column":8},"end":{"line":62,"column":74}},"22":{"start":{"line":65,"column":4},"end":{"line":67,"column":7}},"23":{"start":{"line":66,"column":8},"end":{"line":66,"column":60}},"24":{"start":{"line":70,"column":4},"end":{"line":73,"column":7}},"25":{"start":{"line":71,"column":8},"end":{"line":71,"column":38}},"26":{"start":{"line":72,"column":9},"end":{"line":72,"column":62}},"27":{"start":{"line":75,"column":4},"end":{"line":81,"column":7}},"28":{"start":{"line":76,"column":9},"end":{"line":76,"column":48}},"29":{"start":{"line":77,"column":9},"end":{"line":77,"column":30}},"30":{"start":{"line":78,"column":9},"end":{"line":78,"column":61}},"31":{"start":{"line":79,"column":9},"end":{"line":79,"column":98}},"32":{"start":{"line":80,"column":9},"end":{"line":80,"column":51}},"33":{"start":{"line":83,"column":4},"end":{"line":89,"column":7}},"34":{"start":{"line":84,"column":9},"end":{"line":84,"column":48}},"35":{"start":{"line":85,"column":9},"end":{"line":85,"column":27}},"36":{"start":{"line":86,"column":9},"end":{"line":86,"column":61}},"37":{"start":{"line":87,"column":9},"end":{"line":87,"column":98}},"38":{"start":{"line":88,"column":9},"end":{"line":88,"column":51}},"39":{"start":{"line":92,"column":4},"end":{"line":98,"column":7}},"40":{"start":{"line":93,"column":9},"end":{"line":93,"column":45}},"41":{"start":{"line":94,"column":9},"end":{"line":94,"column":48}},"42":{"start":{"line":95,"column":9},"end":{"line":95,"column":27}},"43":{"start":{"line":96,"column":9},"end":{"line":96,"column":60}},"44":{"start":{"line":97,"column":9},"end":{"line":97,"column":71}},"45":{"start":{"line":100,"column":3},"end":{"line":106,"column":7}},"46":{"start":{"line":101,"column":9},"end":{"line":101,"column":48}},"47":{"start":{"line":102,"column":9},"end":{"line":102,"column":47}},"48":{"start":{"line":103,"column":9},"end":{"line":103,"column":27}},"49":{"start":{"line":104,"column":9},"end":{"line":104,"column":60}},"50":{"start":{"line":105,"column":9},"end":{"line":105,"column":60}}},"branchMap":{}}}